mode: count
github.com/jordanlanch/stori-test/internal/core/usecase/transaction_usecase.go:47.201,57.2 1 2
github.com/jordanlanch/stori-test/internal/core/usecase/transaction_usecase.go:59.82,60.29 1 3
github.com/jordanlanch/stori-test/internal/core/usecase/transaction_usecase.go:60.29,62.3 1 1
github.com/jordanlanch/stori-test/internal/core/usecase/transaction_usecase.go:64.2,68.16 4 2
github.com/jordanlanch/stori-test/internal/core/usecase/transaction_usecase.go:68.16,70.3 1 0
github.com/jordanlanch/stori-test/internal/core/usecase/transaction_usecase.go:72.2,73.39 2 2
github.com/jordanlanch/stori-test/internal/core/usecase/transaction_usecase.go:73.39,76.3 2 0
github.com/jordanlanch/stori-test/internal/core/usecase/transaction_usecase.go:78.2,79.16 2 2
github.com/jordanlanch/stori-test/internal/core/usecase/transaction_usecase.go:79.16,81.3 1 0
github.com/jordanlanch/stori-test/internal/core/usecase/transaction_usecase.go:83.2,84.16 2 2
github.com/jordanlanch/stori-test/internal/core/usecase/transaction_usecase.go:84.16,86.3 1 0
github.com/jordanlanch/stori-test/internal/core/usecase/transaction_usecase.go:88.2,89.16 2 2
github.com/jordanlanch/stori-test/internal/core/usecase/transaction_usecase.go:89.16,91.3 1 0
github.com/jordanlanch/stori-test/internal/core/usecase/transaction_usecase.go:93.2,94.41 2 2
github.com/jordanlanch/stori-test/internal/core/usecase/transaction_usecase.go:97.93,101.33 3 3
github.com/jordanlanch/stori-test/internal/core/usecase/transaction_usecase.go:101.33,104.22 3 8
github.com/jordanlanch/stori-test/internal/core/usecase/transaction_usecase.go:104.22,105.12 1 0
github.com/jordanlanch/stori-test/internal/core/usecase/transaction_usecase.go:107.3,108.17 2 8
github.com/jordanlanch/stori-test/internal/core/usecase/transaction_usecase.go:108.17,109.12 1 0
github.com/jordanlanch/stori-test/internal/core/usecase/transaction_usecase.go:111.3,112.77 2 8
github.com/jordanlanch/stori-test/internal/core/usecase/transaction_usecase.go:116.2,117.41 2 3
github.com/jordanlanch/stori-test/internal/core/usecase/transaction_usecase.go:117.41,119.3 1 4
github.com/jordanlanch/stori-test/internal/core/usecase/transaction_usecase.go:120.2,120.41 1 3
github.com/jordanlanch/stori-test/internal/core/usecase/transaction_usecase.go:120.41,124.3 3 1
github.com/jordanlanch/stori-test/internal/core/usecase/transaction_usecase.go:126.2,127.31 2 3
github.com/jordanlanch/stori-test/internal/core/usecase/transaction_usecase.go:127.31,135.26 6 4
github.com/jordanlanch/stori-test/internal/core/usecase/transaction_usecase.go:135.26,137.34 2 8
github.com/jordanlanch/stori-test/internal/core/usecase/transaction_usecase.go:137.34,139.21 2 8
github.com/jordanlanch/stori-test/internal/core/usecase/transaction_usecase.go:139.21,144.6 4 4
github.com/jordanlanch/stori-test/internal/core/usecase/transaction_usecase.go:144.11,149.6 4 4
github.com/jordanlanch/stori-test/internal/core/usecase/transaction_usecase.go:152.3,155.21 3 4
github.com/jordanlanch/stori-test/internal/core/usecase/transaction_usecase.go:155.21,157.4 1 4
github.com/jordanlanch/stori-test/internal/core/usecase/transaction_usecase.go:158.3,158.22 1 4
github.com/jordanlanch/stori-test/internal/core/usecase/transaction_usecase.go:158.22,160.4 1 4
github.com/jordanlanch/stori-test/internal/core/usecase/transaction_usecase.go:163.2,163.16 1 3
github.com/jordanlanch/stori-test/internal/core/usecase/transaction_usecase.go:47.201,57.2 1 0
github.com/jordanlanch/stori-test/internal/core/usecase/transaction_usecase.go:59.82,60.29 1 0
github.com/jordanlanch/stori-test/internal/core/usecase/transaction_usecase.go:60.29,62.3 1 0
github.com/jordanlanch/stori-test/internal/core/usecase/transaction_usecase.go:64.2,68.16 4 0
github.com/jordanlanch/stori-test/internal/core/usecase/transaction_usecase.go:68.16,70.3 1 0
github.com/jordanlanch/stori-test/internal/core/usecase/transaction_usecase.go:72.2,73.39 2 0
github.com/jordanlanch/stori-test/internal/core/usecase/transaction_usecase.go:73.39,76.3 2 0
github.com/jordanlanch/stori-test/internal/core/usecase/transaction_usecase.go:78.2,79.16 2 0
github.com/jordanlanch/stori-test/internal/core/usecase/transaction_usecase.go:79.16,81.3 1 0
github.com/jordanlanch/stori-test/internal/core/usecase/transaction_usecase.go:83.2,84.16 2 0
github.com/jordanlanch/stori-test/internal/core/usecase/transaction_usecase.go:84.16,86.3 1 0
github.com/jordanlanch/stori-test/internal/core/usecase/transaction_usecase.go:88.2,89.16 2 0
github.com/jordanlanch/stori-test/internal/core/usecase/transaction_usecase.go:89.16,91.3 1 0
github.com/jordanlanch/stori-test/internal/core/usecase/transaction_usecase.go:93.2,94.41 2 0
github.com/jordanlanch/stori-test/internal/core/usecase/transaction_usecase.go:97.93,101.33 3 0
github.com/jordanlanch/stori-test/internal/core/usecase/transaction_usecase.go:101.33,104.22 3 0
github.com/jordanlanch/stori-test/internal/core/usecase/transaction_usecase.go:104.22,105.12 1 0
github.com/jordanlanch/stori-test/internal/core/usecase/transaction_usecase.go:107.3,108.17 2 0
github.com/jordanlanch/stori-test/internal/core/usecase/transaction_usecase.go:108.17,109.12 1 0
github.com/jordanlanch/stori-test/internal/core/usecase/transaction_usecase.go:111.3,112.77 2 0
github.com/jordanlanch/stori-test/internal/core/usecase/transaction_usecase.go:116.2,117.41 2 0
github.com/jordanlanch/stori-test/internal/core/usecase/transaction_usecase.go:117.41,119.3 1 0
github.com/jordanlanch/stori-test/internal/core/usecase/transaction_usecase.go:120.2,120.41 1 0
github.com/jordanlanch/stori-test/internal/core/usecase/transaction_usecase.go:120.41,124.3 3 0
github.com/jordanlanch/stori-test/internal/core/usecase/transaction_usecase.go:126.2,127.31 2 0
github.com/jordanlanch/stori-test/internal/core/usecase/transaction_usecase.go:127.31,135.26 6 0
github.com/jordanlanch/stori-test/internal/core/usecase/transaction_usecase.go:135.26,137.34 2 0
github.com/jordanlanch/stori-test/internal/core/usecase/transaction_usecase.go:137.34,139.21 2 0
github.com/jordanlanch/stori-test/internal/core/usecase/transaction_usecase.go:139.21,144.6 4 0
github.com/jordanlanch/stori-test/internal/core/usecase/transaction_usecase.go:144.11,149.6 4 0
github.com/jordanlanch/stori-test/internal/core/usecase/transaction_usecase.go:152.3,155.21 3 0
github.com/jordanlanch/stori-test/internal/core/usecase/transaction_usecase.go:155.21,157.4 1 0
github.com/jordanlanch/stori-test/internal/core/usecase/transaction_usecase.go:158.3,158.22 1 0
github.com/jordanlanch/stori-test/internal/core/usecase/transaction_usecase.go:158.22,160.4 1 0
github.com/jordanlanch/stori-test/internal/core/usecase/transaction_usecase.go:163.2,163.16 1 0
